<?xml version="1.0" encoding="UTF-8"?>
<!-- Generated by org.testng.reporters.JUnitXMLReporter -->
<testsuite ignored="0" hostname="Akkis-Mac.local" failures="0" tests="5" name="HubSpot Fuctional Testing" time="54.287" errors="0" timestamp="09 Mar 2020 17:07:40 GMT">
  <testcase classname="com.qa.hubspot.tests.LoginPageTest" name="verifyLoginPage_TitleTest" time="8.292"/>
  <testcase classname="com.qa.hubspot.tests.HomePageTest" name="verifyHomePage_TitleTest" time="0.243"/>
  <testcase classname="com.qa.hubspot.tests.LoginPageTest" name="verifyLoginPage_SignUpLinkDisplayTest" time="0.124"/>
  <testcase classname="com.qa.hubspot.tests.HomePageTest" name="verifyHomePage_HeaderTest" time="0.13"/>
  <testcase classname="com.qa.hubspot.tests.LoginPageTest" name="verifyLoginPage_LoginClickTest" time="11.334"/>
</testsuite> <!-- HubSpot Fuctional Testing -->
