<?xml version="1.0" encoding="UTF-8"?>
<testng-results ignored="0" total="1" passed="1" failed="0" skipped="0">
  <reporter-output>
  </reporter-output>
  <suite started-at="2020-06-08T15:14:17Z" name="Default suite" finished-at="2020-06-08T15:14:31Z" duration-ms="13454">
    <groups>
    </groups>
    <test started-at="2020-06-08T15:14:17Z" name="Default test" finished-at="2020-06-08T15:14:31Z" duration-ms="13454">
      <class name="Selenium.Practice.PallaviSample">
        <test-method is-config="true" signature="setup()[pri:0, instance:Selenium.Practice.PallaviSample@45f45fa1]" started-at="2020-06-08T15:14:17Z" name="setup" finished-at="2020-06-08T15:14:29Z" duration-ms="11765" status="PASS">
          <reporter-output>
          </reporter-output>
        </test-method> <!-- setup -->
        <test-method signature="webTable()[pri:0, instance:Selenium.Practice.PallaviSample@45f45fa1]" started-at="2020-06-08T15:14:29Z" name="webTable" finished-at="2020-06-08T15:14:31Z" duration-ms="1597" status="PASS">
          <reporter-output>
          </reporter-output>
        </test-method> <!-- webTable -->
      </class> <!-- Selenium.Practice.PallaviSample -->
    </test> <!-- Default test -->
  </suite> <!-- Default suite -->
</testng-results>
